[debug] [2026-02-01T23:53:28.430Z] > command requires scopes: ["email","openid","https://www.googleapis.com/auth/cloudplatformprojects.readonly","https://www.googleapis.com/auth/firebase","https://www.googleapis.com/auth/cloud-platform"]
[debug] [2026-02-01T23:53:28.432Z] > authorizing via signed-in user (robert.f.developer@gmail.com)
[debug] [2026-02-01T23:53:28.432Z] > command requires scopes: ["email","openid","https://www.googleapis.com/auth/cloudplatformprojects.readonly","https://www.googleapis.com/auth/firebase","https://www.googleapis.com/auth/cloud-platform"]
[debug] [2026-02-01T23:53:28.432Z] > authorizing via signed-in user (robert.f.developer@gmail.com)
[debug] [2026-02-01T23:53:28.432Z] Checked if tokens are valid: true, expires at: 1769992291008
[debug] [2026-02-01T23:53:28.432Z] Checked if tokens are valid: true, expires at: 1769992291008
[debug] [2026-02-01T23:53:28.432Z] Checked if tokens are valid: true, expires at: 1769992291008
[debug] [2026-02-01T23:53:28.432Z] Checked if tokens are valid: true, expires at: 1769992291008
[debug] [2026-02-01T23:53:28.432Z] > command requires scopes: ["email","openid","https://www.googleapis.com/auth/cloudplatformprojects.readonly","https://www.googleapis.com/auth/firebase","https://www.googleapis.com/auth/cloud-platform"]
[debug] [2026-02-01T23:53:28.432Z] > authorizing via signed-in user (robert.f.developer@gmail.com)
[debug] [2026-02-01T23:53:28.432Z] Checked if tokens are valid: true, expires at: 1769992291008
[debug] [2026-02-01T23:53:28.433Z] Checked if tokens are valid: true, expires at: 1769992291008
[debug] [2026-02-01T23:53:28.433Z] >>> [apiv2][query] GET https://cloudbilling.googleapis.com/v1/projects/photo-website-485000/billingInfo [none]
[debug] [2026-02-01T23:53:28.433Z] >>> [apiv2][query] GET https://cloudbilling.googleapis.com/v1/projects/photo-website-485000/billingInfo [none]
[debug] [2026-02-01T23:53:28.434Z] >>> [apiv2][query] GET https://cloudbilling.googleapis.com/v1/projects/photo-website-485000/billingInfo [none]
[debug] [2026-02-01T23:53:29.109Z] <<< [apiv2][status] GET https://cloudbilling.googleapis.com/v1/projects/photo-website-485000/billingInfo 200
[debug] [2026-02-01T23:53:29.109Z] <<< [apiv2][body] GET https://cloudbilling.googleapis.com/v1/projects/photo-website-485000/billingInfo {"name":"projects/photo-website-485000/billingInfo","projectId":"photo-website-485000","billingAccountName":"","billingEnabled":false}
[debug] [2026-02-01T23:53:29.116Z] Checked if tokens are valid: true, expires at: 1769992291008
[debug] [2026-02-01T23:53:29.116Z] Checked if tokens are valid: true, expires at: 1769992291008
[debug] [2026-02-01T23:53:29.117Z] Checked if tokens are valid: true, expires at: 1769992291008
[debug] [2026-02-01T23:53:29.117Z] Checked if tokens are valid: true, expires at: 1769992291008
[debug] [2026-02-01T23:53:29.117Z] Checked if tokens are valid: true, expires at: 1769992291008
[debug] [2026-02-01T23:53:29.117Z] Checked if tokens are valid: true, expires at: 1769992291008
[debug] [2026-02-01T23:53:29.128Z] Checked if tokens are valid: true, expires at: 1769992291008
[debug] [2026-02-01T23:53:29.128Z] Checked if tokens are valid: true, expires at: 1769992291008
[debug] [2026-02-01T23:53:29.128Z] Checked if tokens are valid: true, expires at: 1769992291008
[debug] [2026-02-01T23:53:29.128Z] Checked if tokens are valid: true, expires at: 1769992291008
[debug] [2026-02-01T23:53:29.128Z] >>> [apiv2][query] GET https://serviceusage.googleapis.com/v1/projects/photo-website-485000/services/firestore.googleapis.com [none]
[debug] [2026-02-01T23:53:29.128Z] >>> [apiv2][(partial)header] GET https://serviceusage.googleapis.com/v1/projects/photo-website-485000/services/firestore.googleapis.com  x-goog-user-project=photo-website-485000
[debug] [2026-02-01T23:53:29.129Z] >>> [apiv2][query] GET https://serviceusage.googleapis.com/v1/projects/photo-website-485000/services/firebasedataconnect.googleapis.com [none]
[debug] [2026-02-01T23:53:29.130Z] >>> [apiv2][(partial)header] GET https://serviceusage.googleapis.com/v1/projects/photo-website-485000/services/firebasedataconnect.googleapis.com  x-goog-user-project=photo-website-485000
[debug] [2026-02-01T23:53:29.130Z] >>> [apiv2][query] GET https://serviceusage.googleapis.com/v1/projects/photo-website-485000/services/cloudfunctions.googleapis.com [none]
[debug] [2026-02-01T23:53:29.131Z] >>> [apiv2][(partial)header] GET https://serviceusage.googleapis.com/v1/projects/photo-website-485000/services/cloudfunctions.googleapis.com  x-goog-user-project=photo-website-485000
[debug] [2026-02-01T23:53:29.131Z] >>> [apiv2][query] GET https://serviceusage.googleapis.com/v1/projects/photo-website-485000/services/firebaseapphosting.googleapis.com [none]
[debug] [2026-02-01T23:53:29.131Z] >>> [apiv2][(partial)header] GET https://serviceusage.googleapis.com/v1/projects/photo-website-485000/services/firebaseapphosting.googleapis.com  x-goog-user-project=photo-website-485000
[debug] [2026-02-01T23:53:29.132Z] >>> [apiv2][query] GET https://serviceusage.googleapis.com/v1/projects/photo-website-485000/services/firebaseio.com [none]
[debug] [2026-02-01T23:53:29.132Z] >>> [apiv2][(partial)header] GET https://serviceusage.googleapis.com/v1/projects/photo-website-485000/services/firebaseio.com  x-goog-user-project=photo-website-485000
[debug] [2026-02-01T23:53:29.134Z] <<< [apiv2][status] GET https://cloudbilling.googleapis.com/v1/projects/photo-website-485000/billingInfo 200
[debug] [2026-02-01T23:53:29.134Z] <<< [apiv2][body] GET https://cloudbilling.googleapis.com/v1/projects/photo-website-485000/billingInfo {"name":"projects/photo-website-485000/billingInfo","projectId":"photo-website-485000","billingAccountName":"","billingEnabled":false}
[debug] [2026-02-01T23:53:29.134Z] Checked if tokens are valid: true, expires at: 1769992291008
[debug] [2026-02-01T23:53:29.134Z] Checked if tokens are valid: true, expires at: 1769992291008
[debug] [2026-02-01T23:53:29.134Z] Checked if tokens are valid: true, expires at: 1769992291008
[debug] [2026-02-01T23:53:29.135Z] Checked if tokens are valid: true, expires at: 1769992291008
[debug] [2026-02-01T23:53:29.135Z] Checked if tokens are valid: true, expires at: 1769992291008
[debug] [2026-02-01T23:53:29.135Z] Checked if tokens are valid: true, expires at: 1769992291008
[debug] [2026-02-01T23:53:29.137Z] Checked if tokens are valid: true, expires at: 1769992291008
[debug] [2026-02-01T23:53:29.137Z] Checked if tokens are valid: true, expires at: 1769992291008
[debug] [2026-02-01T23:53:29.137Z] Checked if tokens are valid: true, expires at: 1769992291008
[debug] [2026-02-01T23:53:29.137Z] Checked if tokens are valid: true, expires at: 1769992291008
[debug] [2026-02-01T23:53:29.137Z] >>> [apiv2][query] GET https://serviceusage.googleapis.com/v1/projects/photo-website-485000/services/firestore.googleapis.com [none]
[debug] [2026-02-01T23:53:29.137Z] >>> [apiv2][(partial)header] GET https://serviceusage.googleapis.com/v1/projects/photo-website-485000/services/firestore.googleapis.com  x-goog-user-project=photo-website-485000
[debug] [2026-02-01T23:53:29.138Z] >>> [apiv2][query] GET https://serviceusage.googleapis.com/v1/projects/photo-website-485000/services/firebasedataconnect.googleapis.com [none]
[debug] [2026-02-01T23:53:29.138Z] >>> [apiv2][(partial)header] GET https://serviceusage.googleapis.com/v1/projects/photo-website-485000/services/firebasedataconnect.googleapis.com  x-goog-user-project=photo-website-485000
[debug] [2026-02-01T23:53:29.139Z] >>> [apiv2][query] GET https://serviceusage.googleapis.com/v1/projects/photo-website-485000/services/cloudfunctions.googleapis.com [none]
[debug] [2026-02-01T23:53:29.139Z] >>> [apiv2][(partial)header] GET https://serviceusage.googleapis.com/v1/projects/photo-website-485000/services/cloudfunctions.googleapis.com  x-goog-user-project=photo-website-485000
[debug] [2026-02-01T23:53:29.139Z] >>> [apiv2][query] GET https://serviceusage.googleapis.com/v1/projects/photo-website-485000/services/firebaseapphosting.googleapis.com [none]
[debug] [2026-02-01T23:53:29.139Z] >>> [apiv2][(partial)header] GET https://serviceusage.googleapis.com/v1/projects/photo-website-485000/services/firebaseapphosting.googleapis.com  x-goog-user-project=photo-website-485000
[debug] [2026-02-01T23:53:29.140Z] >>> [apiv2][query] GET https://serviceusage.googleapis.com/v1/projects/photo-website-485000/services/firebaseio.com [none]
[debug] [2026-02-01T23:53:29.140Z] >>> [apiv2][(partial)header] GET https://serviceusage.googleapis.com/v1/projects/photo-website-485000/services/firebaseio.com  x-goog-user-project=photo-website-485000
[debug] [2026-02-01T23:53:29.155Z] <<< [apiv2][status] GET https://cloudbilling.googleapis.com/v1/projects/photo-website-485000/billingInfo 200
[debug] [2026-02-01T23:53:29.155Z] <<< [apiv2][body] GET https://cloudbilling.googleapis.com/v1/projects/photo-website-485000/billingInfo {"name":"projects/photo-website-485000/billingInfo","projectId":"photo-website-485000","billingAccountName":"","billingEnabled":false}
[debug] [2026-02-01T23:53:29.156Z] Checked if tokens are valid: true, expires at: 1769992291008
[debug] [2026-02-01T23:53:29.156Z] Checked if tokens are valid: true, expires at: 1769992291008
[debug] [2026-02-01T23:53:29.156Z] Checked if tokens are valid: true, expires at: 1769992291008
[debug] [2026-02-01T23:53:29.156Z] Checked if tokens are valid: true, expires at: 1769992291008
[debug] [2026-02-01T23:53:29.156Z] Checked if tokens are valid: true, expires at: 1769992291008
[debug] [2026-02-01T23:53:29.156Z] Checked if tokens are valid: true, expires at: 1769992291008
[debug] [2026-02-01T23:53:29.158Z] Checked if tokens are valid: true, expires at: 1769992291008
[debug] [2026-02-01T23:53:29.158Z] Checked if tokens are valid: true, expires at: 1769992291008
[debug] [2026-02-01T23:53:29.158Z] Checked if tokens are valid: true, expires at: 1769992291008
[debug] [2026-02-01T23:53:29.158Z] Checked if tokens are valid: true, expires at: 1769992291008
[debug] [2026-02-01T23:53:29.158Z] >>> [apiv2][query] GET https://serviceusage.googleapis.com/v1/projects/photo-website-485000/services/firestore.googleapis.com [none]
[debug] [2026-02-01T23:53:29.158Z] >>> [apiv2][(partial)header] GET https://serviceusage.googleapis.com/v1/projects/photo-website-485000/services/firestore.googleapis.com  x-goog-user-project=photo-website-485000
[debug] [2026-02-01T23:53:29.158Z] >>> [apiv2][query] GET https://serviceusage.googleapis.com/v1/projects/photo-website-485000/services/firebasedataconnect.googleapis.com [none]
[debug] [2026-02-01T23:53:29.158Z] >>> [apiv2][(partial)header] GET https://serviceusage.googleapis.com/v1/projects/photo-website-485000/services/firebasedataconnect.googleapis.com  x-goog-user-project=photo-website-485000
[debug] [2026-02-01T23:53:29.159Z] >>> [apiv2][query] GET https://serviceusage.googleapis.com/v1/projects/photo-website-485000/services/cloudfunctions.googleapis.com [none]
[debug] [2026-02-01T23:53:29.159Z] >>> [apiv2][(partial)header] GET https://serviceusage.googleapis.com/v1/projects/photo-website-485000/services/cloudfunctions.googleapis.com  x-goog-user-project=photo-website-485000
[debug] [2026-02-01T23:53:29.159Z] >>> [apiv2][query] GET https://serviceusage.googleapis.com/v1/projects/photo-website-485000/services/firebaseapphosting.googleapis.com [none]
[debug] [2026-02-01T23:53:29.159Z] >>> [apiv2][(partial)header] GET https://serviceusage.googleapis.com/v1/projects/photo-website-485000/services/firebaseapphosting.googleapis.com  x-goog-user-project=photo-website-485000
[debug] [2026-02-01T23:53:29.160Z] >>> [apiv2][query] GET https://serviceusage.googleapis.com/v1/projects/photo-website-485000/services/firebaseio.com [none]
[debug] [2026-02-01T23:53:29.160Z] >>> [apiv2][(partial)header] GET https://serviceusage.googleapis.com/v1/projects/photo-website-485000/services/firebaseio.com  x-goog-user-project=photo-website-485000
[debug] [2026-02-01T23:53:29.911Z] <<< [apiv2][status] GET https://serviceusage.googleapis.com/v1/projects/photo-website-485000/services/firebaseio.com 403
[debug] [2026-02-01T23:53:29.911Z] <<< [apiv2][body] GET https://serviceusage.googleapis.com/v1/projects/photo-website-485000/services/firebaseio.com [omitted]
[debug] [2026-02-01T23:53:30.005Z] <<< [apiv2][status] GET https://serviceusage.googleapis.com/v1/projects/photo-website-485000/services/firebaseio.com 403
[debug] [2026-02-01T23:53:30.006Z] <<< [apiv2][body] GET https://serviceusage.googleapis.com/v1/projects/photo-website-485000/services/firebaseio.com [omitted]
[debug] [2026-02-01T23:53:30.013Z] <<< [apiv2][status] GET https://serviceusage.googleapis.com/v1/projects/photo-website-485000/services/firestore.googleapis.com 200
[debug] [2026-02-01T23:53:30.013Z] <<< [apiv2][body] GET https://serviceusage.googleapis.com/v1/projects/photo-website-485000/services/firestore.googleapis.com [omitted]
[debug] [2026-02-01T23:53:30.029Z] <<< [apiv2][status] GET https://serviceusage.googleapis.com/v1/projects/photo-website-485000/services/firebaseio.com 403
[debug] [2026-02-01T23:53:30.029Z] <<< [apiv2][body] GET https://serviceusage.googleapis.com/v1/projects/photo-website-485000/services/firebaseio.com [omitted]
[debug] [2026-02-01T23:53:30.066Z] <<< [apiv2][status] GET https://serviceusage.googleapis.com/v1/projects/photo-website-485000/services/cloudfunctions.googleapis.com 200
[debug] [2026-02-01T23:53:30.066Z] <<< [apiv2][body] GET https://serviceusage.googleapis.com/v1/projects/photo-website-485000/services/cloudfunctions.googleapis.com [omitted]
[debug] [2026-02-01T23:53:30.108Z] <<< [apiv2][status] GET https://serviceusage.googleapis.com/v1/projects/photo-website-485000/services/firebaseapphosting.googleapis.com 200
[debug] [2026-02-01T23:53:30.108Z] <<< [apiv2][body] GET https://serviceusage.googleapis.com/v1/projects/photo-website-485000/services/firebaseapphosting.googleapis.com [omitted]
[debug] [2026-02-01T23:53:30.109Z] <<< [apiv2][status] GET https://serviceusage.googleapis.com/v1/projects/photo-website-485000/services/firebasedataconnect.googleapis.com 200
[debug] [2026-02-01T23:53:30.109Z] <<< [apiv2][body] GET https://serviceusage.googleapis.com/v1/projects/photo-website-485000/services/firebasedataconnect.googleapis.com [omitted]
[debug] [2026-02-01T23:53:30.112Z] <<< [apiv2][status] GET https://serviceusage.googleapis.com/v1/projects/photo-website-485000/services/firebasedataconnect.googleapis.com 200
[debug] [2026-02-01T23:53:30.112Z] <<< [apiv2][body] GET https://serviceusage.googleapis.com/v1/projects/photo-website-485000/services/firebasedataconnect.googleapis.com [omitted]
[debug] [2026-02-01T23:53:30.118Z] <<< [apiv2][status] GET https://serviceusage.googleapis.com/v1/projects/photo-website-485000/services/cloudfunctions.googleapis.com 200
[debug] [2026-02-01T23:53:30.118Z] <<< [apiv2][body] GET https://serviceusage.googleapis.com/v1/projects/photo-website-485000/services/cloudfunctions.googleapis.com [omitted]
[debug] [2026-02-01T23:53:30.121Z] <<< [apiv2][status] GET https://serviceusage.googleapis.com/v1/projects/photo-website-485000/services/firebaseapphosting.googleapis.com 200
[debug] [2026-02-01T23:53:30.121Z] <<< [apiv2][body] GET https://serviceusage.googleapis.com/v1/projects/photo-website-485000/services/firebaseapphosting.googleapis.com [omitted]
[debug] [2026-02-01T23:53:30.130Z] <<< [apiv2][status] GET https://serviceusage.googleapis.com/v1/projects/photo-website-485000/services/firebaseapphosting.googleapis.com 200
[debug] [2026-02-01T23:53:30.130Z] <<< [apiv2][body] GET https://serviceusage.googleapis.com/v1/projects/photo-website-485000/services/firebaseapphosting.googleapis.com [omitted]
[debug] [2026-02-01T23:53:30.137Z] <<< [apiv2][status] GET https://serviceusage.googleapis.com/v1/projects/photo-website-485000/services/cloudfunctions.googleapis.com 200
[debug] [2026-02-01T23:53:30.137Z] <<< [apiv2][body] GET https://serviceusage.googleapis.com/v1/projects/photo-website-485000/services/cloudfunctions.googleapis.com [omitted]
[debug] [2026-02-01T23:53:30.163Z] <<< [apiv2][status] GET https://serviceusage.googleapis.com/v1/projects/photo-website-485000/services/firebasedataconnect.googleapis.com 200
[debug] [2026-02-01T23:53:30.163Z] <<< [apiv2][body] GET https://serviceusage.googleapis.com/v1/projects/photo-website-485000/services/firebasedataconnect.googleapis.com [omitted]
[debug] [2026-02-01T23:53:30.181Z] <<< [apiv2][status] GET https://serviceusage.googleapis.com/v1/projects/photo-website-485000/services/firestore.googleapis.com 200
[debug] [2026-02-01T23:53:30.181Z] <<< [apiv2][body] GET https://serviceusage.googleapis.com/v1/projects/photo-website-485000/services/firestore.googleapis.com [omitted]
[debug] [2026-02-01T23:53:30.186Z] <<< [apiv2][status] GET https://serviceusage.googleapis.com/v1/projects/photo-website-485000/services/firestore.googleapis.com 200
[debug] [2026-02-01T23:53:30.186Z] <<< [apiv2][body] GET https://serviceusage.googleapis.com/v1/projects/photo-website-485000/services/firestore.googleapis.com [omitted]
[debug] [2026-02-01T23:53:30.200Z] > command requires scopes: ["email","openid","https://www.googleapis.com/auth/cloudplatformprojects.readonly","https://www.googleapis.com/auth/firebase","https://www.googleapis.com/auth/cloud-platform"]
[debug] [2026-02-01T23:53:30.200Z] > authorizing via signed-in user (robert.f.developer@gmail.com)
[debug] [2026-02-01T23:53:30.200Z] Checked if tokens are valid: true, expires at: 1769992291008
[debug] [2026-02-01T23:53:30.200Z] Checked if tokens are valid: true, expires at: 1769992291008
[debug] [2026-02-01T23:53:30.200Z] >>> [apiv2][query] GET https://cloudbilling.googleapis.com/v1/projects/photo-website-485000/billingInfo [none]
[debug] [2026-02-01T23:53:30.206Z] > command requires scopes: ["email","openid","https://www.googleapis.com/auth/cloudplatformprojects.readonly","https://www.googleapis.com/auth/firebase","https://www.googleapis.com/auth/cloud-platform"]
[debug] [2026-02-01T23:53:30.206Z] > authorizing via signed-in user (robert.f.developer@gmail.com)
[debug] [2026-02-01T23:53:30.206Z] Checked if tokens are valid: true, expires at: 1769992291008
[debug] [2026-02-01T23:53:30.206Z] Checked if tokens are valid: true, expires at: 1769992291008
[debug] [2026-02-01T23:53:30.206Z] >>> [apiv2][query] GET https://cloudbilling.googleapis.com/v1/projects/photo-website-485000/billingInfo [none]
[debug] [2026-02-01T23:53:30.805Z] <<< [apiv2][status] GET https://cloudbilling.googleapis.com/v1/projects/photo-website-485000/billingInfo 200
[debug] [2026-02-01T23:53:30.805Z] <<< [apiv2][body] GET https://cloudbilling.googleapis.com/v1/projects/photo-website-485000/billingInfo {"name":"projects/photo-website-485000/billingInfo","projectId":"photo-website-485000","billingAccountName":"","billingEnabled":false}
[debug] [2026-02-01T23:53:30.807Z] > command requires scopes: ["email","openid","https://www.googleapis.com/auth/cloudplatformprojects.readonly","https://www.googleapis.com/auth/firebase","https://www.googleapis.com/auth/cloud-platform"]
[debug] [2026-02-01T23:53:30.807Z] > authorizing via signed-in user (robert.f.developer@gmail.com)
[debug] [2026-02-01T23:53:30.820Z] <<< [apiv2][status] GET https://cloudbilling.googleapis.com/v1/projects/photo-website-485000/billingInfo 200
[debug] [2026-02-01T23:53:30.820Z] <<< [apiv2][body] GET https://cloudbilling.googleapis.com/v1/projects/photo-website-485000/billingInfo {"name":"projects/photo-website-485000/billingInfo","projectId":"photo-website-485000","billingAccountName":"","billingEnabled":false}
[debug] [2026-02-01T23:53:30.822Z] > command requires scopes: ["email","openid","https://www.googleapis.com/auth/cloudplatformprojects.readonly","https://www.googleapis.com/auth/firebase","https://www.googleapis.com/auth/cloud-platform"]
[debug] [2026-02-01T23:53:30.822Z] > authorizing via signed-in user (robert.f.developer@gmail.com)
[debug] [2026-02-02T00:00:58.863Z] > command requires scopes: ["email","openid","https://www.googleapis.com/auth/cloudplatformprojects.readonly","https://www.googleapis.com/auth/firebase","https://www.googleapis.com/auth/cloud-platform"]
[debug] [2026-02-02T00:00:58.865Z] > authorizing via signed-in user (robert.f.developer@gmail.com)
[debug] [2026-02-02T00:00:58.865Z] > command requires scopes: ["email","openid","https://www.googleapis.com/auth/cloudplatformprojects.readonly","https://www.googleapis.com/auth/firebase","https://www.googleapis.com/auth/cloud-platform"]
[debug] [2026-02-02T00:00:58.865Z] > authorizing via signed-in user (robert.f.developer@gmail.com)
[debug] [2026-02-02T00:00:58.865Z] Checked if tokens are valid: true, expires at: 1769992291008
[debug] [2026-02-02T00:00:58.865Z] Checked if tokens are valid: true, expires at: 1769992291008
[debug] [2026-02-02T00:00:58.865Z] Checked if tokens are valid: true, expires at: 1769992291008
[debug] [2026-02-02T00:00:58.866Z] Checked if tokens are valid: true, expires at: 1769992291008
[debug] [2026-02-02T00:00:58.866Z] > command requires scopes: ["email","openid","https://www.googleapis.com/auth/cloudplatformprojects.readonly","https://www.googleapis.com/auth/firebase","https://www.googleapis.com/auth/cloud-platform"]
[debug] [2026-02-02T00:00:58.866Z] > authorizing via signed-in user (robert.f.developer@gmail.com)
[debug] [2026-02-02T00:00:58.866Z] Checked if tokens are valid: true, expires at: 1769992291008
[debug] [2026-02-02T00:00:58.866Z] Checked if tokens are valid: true, expires at: 1769992291008
[debug] [2026-02-02T00:00:58.866Z] >>> [apiv2][query] GET https://cloudbilling.googleapis.com/v1/projects/photo-website-485000/billingInfo [none]
[debug] [2026-02-02T00:00:58.867Z] >>> [apiv2][query] GET https://cloudbilling.googleapis.com/v1/projects/photo-website-485000/billingInfo [none]
[debug] [2026-02-02T00:00:58.867Z] >>> [apiv2][query] GET https://cloudbilling.googleapis.com/v1/projects/photo-website-485000/billingInfo [none]
[debug] [2026-02-02T00:00:59.608Z] <<< [apiv2][status] GET https://cloudbilling.googleapis.com/v1/projects/photo-website-485000/billingInfo 200
[debug] [2026-02-02T00:00:59.609Z] <<< [apiv2][body] GET https://cloudbilling.googleapis.com/v1/projects/photo-website-485000/billingInfo {"name":"projects/photo-website-485000/billingInfo","projectId":"photo-website-485000","billingAccountName":"","billingEnabled":false}
[debug] [2026-02-02T00:00:59.615Z] Checked if tokens are valid: true, expires at: 1769992291008
[debug] [2026-02-02T00:00:59.615Z] Checked if tokens are valid: true, expires at: 1769992291008
[debug] [2026-02-02T00:00:59.615Z] Checked if tokens are valid: true, expires at: 1769992291008
[debug] [2026-02-02T00:00:59.615Z] Checked if tokens are valid: true, expires at: 1769992291008
[debug] [2026-02-02T00:00:59.616Z] Checked if tokens are valid: true, expires at: 1769992291008
[debug] [2026-02-02T00:00:59.616Z] Checked if tokens are valid: true, expires at: 1769992291008
[debug] [2026-02-02T00:00:59.626Z] Checked if tokens are valid: true, expires at: 1769992291008
[debug] [2026-02-02T00:00:59.626Z] Checked if tokens are valid: true, expires at: 1769992291008
[debug] [2026-02-02T00:00:59.626Z] Checked if tokens are valid: true, expires at: 1769992291008
[debug] [2026-02-02T00:00:59.626Z] Checked if tokens are valid: true, expires at: 1769992291008
[debug] [2026-02-02T00:00:59.626Z] >>> [apiv2][query] GET https://serviceusage.googleapis.com/v1/projects/photo-website-485000/services/firestore.googleapis.com [none]
[debug] [2026-02-02T00:00:59.626Z] >>> [apiv2][(partial)header] GET https://serviceusage.googleapis.com/v1/projects/photo-website-485000/services/firestore.googleapis.com  x-goog-user-project=photo-website-485000
[debug] [2026-02-02T00:00:59.628Z] >>> [apiv2][query] GET https://serviceusage.googleapis.com/v1/projects/photo-website-485000/services/firebasedataconnect.googleapis.com [none]
[debug] [2026-02-02T00:00:59.628Z] >>> [apiv2][(partial)header] GET https://serviceusage.googleapis.com/v1/projects/photo-website-485000/services/firebasedataconnect.googleapis.com  x-goog-user-project=photo-website-485000
[debug] [2026-02-02T00:00:59.629Z] >>> [apiv2][query] GET https://serviceusage.googleapis.com/v1/projects/photo-website-485000/services/cloudfunctions.googleapis.com [none]
[debug] [2026-02-02T00:00:59.629Z] >>> [apiv2][(partial)header] GET https://serviceusage.googleapis.com/v1/projects/photo-website-485000/services/cloudfunctions.googleapis.com  x-goog-user-project=photo-website-485000
[debug] [2026-02-02T00:00:59.630Z] >>> [apiv2][query] GET https://serviceusage.googleapis.com/v1/projects/photo-website-485000/services/firebaseapphosting.googleapis.com [none]
[debug] [2026-02-02T00:00:59.630Z] >>> [apiv2][(partial)header] GET https://serviceusage.googleapis.com/v1/projects/photo-website-485000/services/firebaseapphosting.googleapis.com  x-goog-user-project=photo-website-485000
[debug] [2026-02-02T00:00:59.630Z] >>> [apiv2][query] GET https://serviceusage.googleapis.com/v1/projects/photo-website-485000/services/firebaseio.com [none]
[debug] [2026-02-02T00:00:59.630Z] >>> [apiv2][(partial)header] GET https://serviceusage.googleapis.com/v1/projects/photo-website-485000/services/firebaseio.com  x-goog-user-project=photo-website-485000
[debug] [2026-02-02T00:00:59.642Z] <<< [apiv2][status] GET https://cloudbilling.googleapis.com/v1/projects/photo-website-485000/billingInfo 200
[debug] [2026-02-02T00:00:59.642Z] <<< [apiv2][body] GET https://cloudbilling.googleapis.com/v1/projects/photo-website-485000/billingInfo {"name":"projects/photo-website-485000/billingInfo","projectId":"photo-website-485000","billingAccountName":"","billingEnabled":false}
[debug] [2026-02-02T00:00:59.642Z] Checked if tokens are valid: true, expires at: 1769992291008
[debug] [2026-02-02T00:00:59.642Z] Checked if tokens are valid: true, expires at: 1769992291008
[debug] [2026-02-02T00:00:59.642Z] Checked if tokens are valid: true, expires at: 1769992291008
[debug] [2026-02-02T00:00:59.642Z] Checked if tokens are valid: true, expires at: 1769992291008
[debug] [2026-02-02T00:00:59.642Z] Checked if tokens are valid: true, expires at: 1769992291008
[debug] [2026-02-02T00:00:59.642Z] Checked if tokens are valid: true, expires at: 1769992291008
[debug] [2026-02-02T00:00:59.645Z] Checked if tokens are valid: true, expires at: 1769992291008
[debug] [2026-02-02T00:00:59.645Z] Checked if tokens are valid: true, expires at: 1769992291008
[debug] [2026-02-02T00:00:59.645Z] Checked if tokens are valid: true, expires at: 1769992291008
[debug] [2026-02-02T00:00:59.645Z] Checked if tokens are valid: true, expires at: 1769992291008
[debug] [2026-02-02T00:00:59.645Z] >>> [apiv2][query] GET https://serviceusage.googleapis.com/v1/projects/photo-website-485000/services/firestore.googleapis.com [none]
[debug] [2026-02-02T00:00:59.645Z] >>> [apiv2][(partial)header] GET https://serviceusage.googleapis.com/v1/projects/photo-website-485000/services/firestore.googleapis.com  x-goog-user-project=photo-website-485000
[debug] [2026-02-02T00:00:59.646Z] >>> [apiv2][query] GET https://serviceusage.googleapis.com/v1/projects/photo-website-485000/services/firebasedataconnect.googleapis.com [none]
[debug] [2026-02-02T00:00:59.646Z] >>> [apiv2][(partial)header] GET https://serviceusage.googleapis.com/v1/projects/photo-website-485000/services/firebasedataconnect.googleapis.com  x-goog-user-project=photo-website-485000
[debug] [2026-02-02T00:00:59.646Z] >>> [apiv2][query] GET https://serviceusage.googleapis.com/v1/projects/photo-website-485000/services/cloudfunctions.googleapis.com [none]
[debug] [2026-02-02T00:00:59.646Z] >>> [apiv2][(partial)header] GET https://serviceusage.googleapis.com/v1/projects/photo-website-485000/services/cloudfunctions.googleapis.com  x-goog-user-project=photo-website-485000
[debug] [2026-02-02T00:00:59.647Z] >>> [apiv2][query] GET https://serviceusage.googleapis.com/v1/projects/photo-website-485000/services/firebaseapphosting.googleapis.com [none]
[debug] [2026-02-02T00:00:59.647Z] >>> [apiv2][(partial)header] GET https://serviceusage.googleapis.com/v1/projects/photo-website-485000/services/firebaseapphosting.googleapis.com  x-goog-user-project=photo-website-485000
[debug] [2026-02-02T00:00:59.647Z] >>> [apiv2][query] GET https://serviceusage.googleapis.com/v1/projects/photo-website-485000/services/firebaseio.com [none]
[debug] [2026-02-02T00:00:59.648Z] >>> [apiv2][(partial)header] GET https://serviceusage.googleapis.com/v1/projects/photo-website-485000/services/firebaseio.com  x-goog-user-project=photo-website-485000
[debug] [2026-02-02T00:00:59.852Z] <<< [apiv2][status] GET https://cloudbilling.googleapis.com/v1/projects/photo-website-485000/billingInfo 200
[debug] [2026-02-02T00:00:59.852Z] <<< [apiv2][body] GET https://cloudbilling.googleapis.com/v1/projects/photo-website-485000/billingInfo {"name":"projects/photo-website-485000/billingInfo","projectId":"photo-website-485000","billingAccountName":"","billingEnabled":false}
[debug] [2026-02-02T00:00:59.853Z] Checked if tokens are valid: true, expires at: 1769992291008
[debug] [2026-02-02T00:00:59.853Z] Checked if tokens are valid: true, expires at: 1769992291008
[debug] [2026-02-02T00:00:59.853Z] Checked if tokens are valid: true, expires at: 1769992291008
[debug] [2026-02-02T00:00:59.853Z] Checked if tokens are valid: true, expires at: 1769992291008
[debug] [2026-02-02T00:00:59.853Z] Checked if tokens are valid: true, expires at: 1769992291008
[debug] [2026-02-02T00:00:59.853Z] Checked if tokens are valid: true, expires at: 1769992291008
[debug] [2026-02-02T00:00:59.856Z] Checked if tokens are valid: true, expires at: 1769992291008
[debug] [2026-02-02T00:00:59.856Z] Checked if tokens are valid: true, expires at: 1769992291008
[debug] [2026-02-02T00:00:59.856Z] Checked if tokens are valid: true, expires at: 1769992291008
[debug] [2026-02-02T00:00:59.856Z] Checked if tokens are valid: true, expires at: 1769992291008
[debug] [2026-02-02T00:00:59.856Z] >>> [apiv2][query] GET https://serviceusage.googleapis.com/v1/projects/photo-website-485000/services/firestore.googleapis.com [none]
[debug] [2026-02-02T00:00:59.856Z] >>> [apiv2][(partial)header] GET https://serviceusage.googleapis.com/v1/projects/photo-website-485000/services/firestore.googleapis.com  x-goog-user-project=photo-website-485000
[debug] [2026-02-02T00:00:59.857Z] >>> [apiv2][query] GET https://serviceusage.googleapis.com/v1/projects/photo-website-485000/services/firebasedataconnect.googleapis.com [none]
[debug] [2026-02-02T00:00:59.857Z] >>> [apiv2][(partial)header] GET https://serviceusage.googleapis.com/v1/projects/photo-website-485000/services/firebasedataconnect.googleapis.com  x-goog-user-project=photo-website-485000
[debug] [2026-02-02T00:00:59.858Z] >>> [apiv2][query] GET https://serviceusage.googleapis.com/v1/projects/photo-website-485000/services/cloudfunctions.googleapis.com [none]
[debug] [2026-02-02T00:00:59.858Z] >>> [apiv2][(partial)header] GET https://serviceusage.googleapis.com/v1/projects/photo-website-485000/services/cloudfunctions.googleapis.com  x-goog-user-project=photo-website-485000
[debug] [2026-02-02T00:00:59.858Z] >>> [apiv2][query] GET https://serviceusage.googleapis.com/v1/projects/photo-website-485000/services/firebaseapphosting.googleapis.com [none]
[debug] [2026-02-02T00:00:59.858Z] >>> [apiv2][(partial)header] GET https://serviceusage.googleapis.com/v1/projects/photo-website-485000/services/firebaseapphosting.googleapis.com  x-goog-user-project=photo-website-485000
[debug] [2026-02-02T00:00:59.859Z] >>> [apiv2][query] GET https://serviceusage.googleapis.com/v1/projects/photo-website-485000/services/firebaseio.com [none]
[debug] [2026-02-02T00:00:59.859Z] >>> [apiv2][(partial)header] GET https://serviceusage.googleapis.com/v1/projects/photo-website-485000/services/firebaseio.com  x-goog-user-project=photo-website-485000
[debug] [2026-02-02T00:01:00.366Z] <<< [apiv2][status] GET https://serviceusage.googleapis.com/v1/projects/photo-website-485000/services/firebaseio.com 403
[debug] [2026-02-02T00:01:00.366Z] <<< [apiv2][body] GET https://serviceusage.googleapis.com/v1/projects/photo-website-485000/services/firebaseio.com [omitted]
[debug] [2026-02-02T00:01:00.385Z] <<< [apiv2][status] GET https://serviceusage.googleapis.com/v1/projects/photo-website-485000/services/firebaseio.com 403
[debug] [2026-02-02T00:01:00.385Z] <<< [apiv2][body] GET https://serviceusage.googleapis.com/v1/projects/photo-website-485000/services/firebaseio.com [omitted]
[debug] [2026-02-02T00:01:00.431Z] <<< [apiv2][status] GET https://serviceusage.googleapis.com/v1/projects/photo-website-485000/services/firebaseio.com 403
[debug] [2026-02-02T00:01:00.432Z] <<< [apiv2][body] GET https://serviceusage.googleapis.com/v1/projects/photo-website-485000/services/firebaseio.com [omitted]
[debug] [2026-02-02T00:01:00.452Z] <<< [apiv2][status] GET https://serviceusage.googleapis.com/v1/projects/photo-website-485000/services/cloudfunctions.googleapis.com 200
[debug] [2026-02-02T00:01:00.452Z] <<< [apiv2][body] GET https://serviceusage.googleapis.com/v1/projects/photo-website-485000/services/cloudfunctions.googleapis.com [omitted]
[debug] [2026-02-02T00:01:00.452Z] <<< [apiv2][status] GET https://serviceusage.googleapis.com/v1/projects/photo-website-485000/services/cloudfunctions.googleapis.com 200
[debug] [2026-02-02T00:01:00.452Z] <<< [apiv2][body] GET https://serviceusage.googleapis.com/v1/projects/photo-website-485000/services/cloudfunctions.googleapis.com [omitted]
[debug] [2026-02-02T00:01:00.459Z] <<< [apiv2][status] GET https://serviceusage.googleapis.com/v1/projects/photo-website-485000/services/firebasedataconnect.googleapis.com 200
[debug] [2026-02-02T00:01:00.459Z] <<< [apiv2][body] GET https://serviceusage.googleapis.com/v1/projects/photo-website-485000/services/firebasedataconnect.googleapis.com [omitted]
[debug] [2026-02-02T00:01:00.472Z] <<< [apiv2][status] GET https://serviceusage.googleapis.com/v1/projects/photo-website-485000/services/firebaseapphosting.googleapis.com 200
[debug] [2026-02-02T00:01:00.472Z] <<< [apiv2][body] GET https://serviceusage.googleapis.com/v1/projects/photo-website-485000/services/firebaseapphosting.googleapis.com [omitted]
[debug] [2026-02-02T00:01:00.475Z] <<< [apiv2][status] GET https://serviceusage.googleapis.com/v1/projects/photo-website-485000/services/firestore.googleapis.com 200
[debug] [2026-02-02T00:01:00.475Z] <<< [apiv2][body] GET https://serviceusage.googleapis.com/v1/projects/photo-website-485000/services/firestore.googleapis.com [omitted]
[debug] [2026-02-02T00:01:00.486Z] <<< [apiv2][status] GET https://serviceusage.googleapis.com/v1/projects/photo-website-485000/services/firebaseapphosting.googleapis.com 200
[debug] [2026-02-02T00:01:00.486Z] <<< [apiv2][body] GET https://serviceusage.googleapis.com/v1/projects/photo-website-485000/services/firebaseapphosting.googleapis.com [omitted]
[debug] [2026-02-02T00:01:00.501Z] <<< [apiv2][status] GET https://serviceusage.googleapis.com/v1/projects/photo-website-485000/services/firebasedataconnect.googleapis.com 200
[debug] [2026-02-02T00:01:00.501Z] <<< [apiv2][body] GET https://serviceusage.googleapis.com/v1/projects/photo-website-485000/services/firebasedataconnect.googleapis.com [omitted]
[debug] [2026-02-02T00:01:00.504Z] <<< [apiv2][status] GET https://serviceusage.googleapis.com/v1/projects/photo-website-485000/services/firestore.googleapis.com 200
[debug] [2026-02-02T00:01:00.504Z] <<< [apiv2][body] GET https://serviceusage.googleapis.com/v1/projects/photo-website-485000/services/firestore.googleapis.com [omitted]
[debug] [2026-02-02T00:01:00.520Z] > command requires scopes: ["email","openid","https://www.googleapis.com/auth/cloudplatformprojects.readonly","https://www.googleapis.com/auth/firebase","https://www.googleapis.com/auth/cloud-platform"]
[debug] [2026-02-02T00:01:00.520Z] > authorizing via signed-in user (robert.f.developer@gmail.com)
[debug] [2026-02-02T00:01:00.520Z] Checked if tokens are valid: true, expires at: 1769992291008
[debug] [2026-02-02T00:01:00.520Z] Checked if tokens are valid: true, expires at: 1769992291008
[debug] [2026-02-02T00:01:00.520Z] >>> [apiv2][query] GET https://cloudbilling.googleapis.com/v1/projects/photo-website-485000/billingInfo [none]
[debug] [2026-02-02T00:01:00.522Z] > command requires scopes: ["email","openid","https://www.googleapis.com/auth/cloudplatformprojects.readonly","https://www.googleapis.com/auth/firebase","https://www.googleapis.com/auth/cloud-platform"]
[debug] [2026-02-02T00:01:00.522Z] > authorizing via signed-in user (robert.f.developer@gmail.com)
[debug] [2026-02-02T00:01:00.522Z] Checked if tokens are valid: true, expires at: 1769992291008
[debug] [2026-02-02T00:01:00.522Z] Checked if tokens are valid: true, expires at: 1769992291008
[debug] [2026-02-02T00:01:00.522Z] >>> [apiv2][query] GET https://cloudbilling.googleapis.com/v1/projects/photo-website-485000/billingInfo [none]
[debug] [2026-02-02T00:01:00.634Z] <<< [apiv2][status] GET https://serviceusage.googleapis.com/v1/projects/photo-website-485000/services/firebasedataconnect.googleapis.com 200
[debug] [2026-02-02T00:01:00.634Z] <<< [apiv2][body] GET https://serviceusage.googleapis.com/v1/projects/photo-website-485000/services/firebasedataconnect.googleapis.com [omitted]
[debug] [2026-02-02T00:01:00.640Z] <<< [apiv2][status] GET https://serviceusage.googleapis.com/v1/projects/photo-website-485000/services/cloudfunctions.googleapis.com 200
[debug] [2026-02-02T00:01:00.640Z] <<< [apiv2][body] GET https://serviceusage.googleapis.com/v1/projects/photo-website-485000/services/cloudfunctions.googleapis.com [omitted]
[debug] [2026-02-02T00:01:00.647Z] <<< [apiv2][status] GET https://serviceusage.googleapis.com/v1/projects/photo-website-485000/services/firestore.googleapis.com 200
[debug] [2026-02-02T00:01:00.647Z] <<< [apiv2][body] GET https://serviceusage.googleapis.com/v1/projects/photo-website-485000/services/firestore.googleapis.com [omitted]
[debug] [2026-02-02T00:01:00.661Z] <<< [apiv2][status] GET https://serviceusage.googleapis.com/v1/projects/photo-website-485000/services/firebaseapphosting.googleapis.com 200
[debug] [2026-02-02T00:01:00.661Z] <<< [apiv2][body] GET https://serviceusage.googleapis.com/v1/projects/photo-website-485000/services/firebaseapphosting.googleapis.com [omitted]
[debug] [2026-02-02T00:01:00.678Z] <<< [apiv2][status] GET https://cloudbilling.googleapis.com/v1/projects/photo-website-485000/billingInfo 200
[debug] [2026-02-02T00:01:00.678Z] <<< [apiv2][body] GET https://cloudbilling.googleapis.com/v1/projects/photo-website-485000/billingInfo {"name":"projects/photo-website-485000/billingInfo","projectId":"photo-website-485000","billingAccountName":"","billingEnabled":false}
[debug] [2026-02-02T00:01:00.680Z] > command requires scopes: ["email","openid","https://www.googleapis.com/auth/cloudplatformprojects.readonly","https://www.googleapis.com/auth/firebase","https://www.googleapis.com/auth/cloud-platform"]
[debug] [2026-02-02T00:01:00.680Z] > authorizing via signed-in user (robert.f.developer@gmail.com)
[debug] [2026-02-02T00:01:01.150Z] <<< [apiv2][status] GET https://cloudbilling.googleapis.com/v1/projects/photo-website-485000/billingInfo 200
[debug] [2026-02-02T00:01:01.151Z] <<< [apiv2][body] GET https://cloudbilling.googleapis.com/v1/projects/photo-website-485000/billingInfo {"name":"projects/photo-website-485000/billingInfo","projectId":"photo-website-485000","billingAccountName":"","billingEnabled":false}
[debug] [2026-02-02T00:01:01.152Z] > command requires scopes: ["email","openid","https://www.googleapis.com/auth/cloudplatformprojects.readonly","https://www.googleapis.com/auth/firebase","https://www.googleapis.com/auth/cloud-platform"]
[debug] [2026-02-02T00:01:01.152Z] > authorizing via signed-in user (robert.f.developer@gmail.com)
[debug] [2026-02-02T00:35:13.099Z] > command requires scopes: ["email","openid","https://www.googleapis.com/auth/cloudplatformprojects.readonly","https://www.googleapis.com/auth/firebase","https://www.googleapis.com/auth/cloud-platform"]
[debug] [2026-02-02T00:35:13.101Z] > authorizing via signed-in user (robert.f.developer@gmail.com)
[debug] [2026-02-02T00:35:13.101Z] Checked if tokens are valid: false, expires at: 1769992291008
[debug] [2026-02-02T00:35:13.101Z] Checked if tokens are valid: false, expires at: 1769992291008
[debug] [2026-02-02T00:35:13.101Z] > refreshing access token with scopes: []
[debug] [2026-02-02T00:35:13.102Z] >>> [apiv2][query] POST https://www.googleapis.com/oauth2/v3/token [none]
[debug] [2026-02-02T00:35:13.102Z] >>> [apiv2][body] POST https://www.googleapis.com/oauth2/v3/token [omitted]
[debug] [2026-02-02T00:35:13.106Z] > command requires scopes: ["email","openid","https://www.googleapis.com/auth/cloudplatformprojects.readonly","https://www.googleapis.com/auth/firebase","https://www.googleapis.com/auth/cloud-platform"]
[debug] [2026-02-02T00:35:13.106Z] > authorizing via signed-in user (robert.f.developer@gmail.com)
[debug] [2026-02-02T00:35:13.106Z] > command requires scopes: ["email","openid","https://www.googleapis.com/auth/cloudplatformprojects.readonly","https://www.googleapis.com/auth/firebase","https://www.googleapis.com/auth/cloud-platform"]
[debug] [2026-02-02T00:35:13.106Z] > authorizing via signed-in user (robert.f.developer@gmail.com)
[debug] [2026-02-02T00:35:13.106Z] Checked if tokens are valid: false, expires at: 1769992291008
[debug] [2026-02-02T00:35:13.106Z] Checked if tokens are valid: false, expires at: 1769992291008
[debug] [2026-02-02T00:35:13.106Z] > refreshing access token with scopes: []
[debug] [2026-02-02T00:35:13.106Z] >>> [apiv2][query] POST https://www.googleapis.com/oauth2/v3/token [none]
[debug] [2026-02-02T00:35:13.106Z] >>> [apiv2][body] POST https://www.googleapis.com/oauth2/v3/token [omitted]
[debug] [2026-02-02T00:35:13.106Z] Checked if tokens are valid: false, expires at: 1769992291008
[debug] [2026-02-02T00:35:13.106Z] Checked if tokens are valid: false, expires at: 1769992291008
[debug] [2026-02-02T00:35:13.106Z] > refreshing access token with scopes: []
[debug] [2026-02-02T00:35:13.106Z] >>> [apiv2][query] POST https://www.googleapis.com/oauth2/v3/token [none]
[debug] [2026-02-02T00:35:13.106Z] >>> [apiv2][body] POST https://www.googleapis.com/oauth2/v3/token [omitted]
[debug] [2026-02-02T00:35:13.229Z] <<< [apiv2][status] POST https://www.googleapis.com/oauth2/v3/token 200
[debug] [2026-02-02T00:35:13.229Z] <<< [apiv2][body] POST https://www.googleapis.com/oauth2/v3/token [omitted]
[debug] [2026-02-02T00:35:13.251Z] >>> [apiv2][query] GET https://cloudbilling.googleapis.com/v1/projects/photo-website-485000/billingInfo [none]
[debug] [2026-02-02T00:35:13.253Z] <<< [apiv2][status] POST https://www.googleapis.com/oauth2/v3/token 200
[debug] [2026-02-02T00:35:13.253Z] <<< [apiv2][body] POST https://www.googleapis.com/oauth2/v3/token [omitted]
[debug] [2026-02-02T00:35:13.269Z] >>> [apiv2][query] GET https://cloudbilling.googleapis.com/v1/projects/photo-website-485000/billingInfo [none]
[debug] [2026-02-02T00:35:13.456Z] <<< [apiv2][status] POST https://www.googleapis.com/oauth2/v3/token 200
[debug] [2026-02-02T00:35:13.457Z] <<< [apiv2][body] POST https://www.googleapis.com/oauth2/v3/token [omitted]
[debug] [2026-02-02T00:35:13.471Z] >>> [apiv2][query] GET https://cloudbilling.googleapis.com/v1/projects/photo-website-485000/billingInfo [none]
[debug] [2026-02-02T00:35:13.493Z] <<< [apiv2][status] GET https://cloudbilling.googleapis.com/v1/projects/photo-website-485000/billingInfo 200
[debug] [2026-02-02T00:35:13.493Z] <<< [apiv2][body] GET https://cloudbilling.googleapis.com/v1/projects/photo-website-485000/billingInfo {"name":"projects/photo-website-485000/billingInfo","projectId":"photo-website-485000","billingAccountName":"","billingEnabled":false}
[debug] [2026-02-02T00:35:13.500Z] Checked if tokens are valid: true, expires at: 1769996112457
[debug] [2026-02-02T00:35:13.500Z] Checked if tokens are valid: true, expires at: 1769996112457
[debug] [2026-02-02T00:35:13.501Z] Checked if tokens are valid: true, expires at: 1769996112457
[debug] [2026-02-02T00:35:13.501Z] Checked if tokens are valid: true, expires at: 1769996112457
[debug] [2026-02-02T00:35:13.501Z] Checked if tokens are valid: true, expires at: 1769996112457
[debug] [2026-02-02T00:35:13.501Z] Checked if tokens are valid: true, expires at: 1769996112457
[debug] [2026-02-02T00:35:13.512Z] Checked if tokens are valid: true, expires at: 1769996112457
[debug] [2026-02-02T00:35:13.512Z] Checked if tokens are valid: true, expires at: 1769996112457
[debug] [2026-02-02T00:35:13.512Z] Checked if tokens are valid: true, expires at: 1769996112457
[debug] [2026-02-02T00:35:13.513Z] Checked if tokens are valid: true, expires at: 1769996112457
[debug] [2026-02-02T00:35:13.513Z] >>> [apiv2][query] GET https://serviceusage.googleapis.com/v1/projects/photo-website-485000/services/firestore.googleapis.com [none]
[debug] [2026-02-02T00:35:13.513Z] >>> [apiv2][(partial)header] GET https://serviceusage.googleapis.com/v1/projects/photo-website-485000/services/firestore.googleapis.com  x-goog-user-project=photo-website-485000
[debug] [2026-02-02T00:35:13.514Z] >>> [apiv2][query] GET https://serviceusage.googleapis.com/v1/projects/photo-website-485000/services/firebasedataconnect.googleapis.com [none]
[debug] [2026-02-02T00:35:13.514Z] >>> [apiv2][(partial)header] GET https://serviceusage.googleapis.com/v1/projects/photo-website-485000/services/firebasedataconnect.googleapis.com  x-goog-user-project=photo-website-485000
[debug] [2026-02-02T00:35:13.515Z] >>> [apiv2][query] GET https://serviceusage.googleapis.com/v1/projects/photo-website-485000/services/cloudfunctions.googleapis.com [none]
[debug] [2026-02-02T00:35:13.515Z] >>> [apiv2][(partial)header] GET https://serviceusage.googleapis.com/v1/projects/photo-website-485000/services/cloudfunctions.googleapis.com  x-goog-user-project=photo-website-485000
[debug] [2026-02-02T00:35:13.516Z] >>> [apiv2][query] GET https://serviceusage.googleapis.com/v1/projects/photo-website-485000/services/firebaseapphosting.googleapis.com [none]
[debug] [2026-02-02T00:35:13.516Z] >>> [apiv2][(partial)header] GET https://serviceusage.googleapis.com/v1/projects/photo-website-485000/services/firebaseapphosting.googleapis.com  x-goog-user-project=photo-website-485000
[debug] [2026-02-02T00:35:13.517Z] >>> [apiv2][query] GET https://serviceusage.googleapis.com/v1/projects/photo-website-485000/services/firebaseio.com [none]
[debug] [2026-02-02T00:35:13.517Z] >>> [apiv2][(partial)header] GET https://serviceusage.googleapis.com/v1/projects/photo-website-485000/services/firebaseio.com  x-goog-user-project=photo-website-485000
[debug] [2026-02-02T00:35:13.942Z] <<< [apiv2][status] GET https://cloudbilling.googleapis.com/v1/projects/photo-website-485000/billingInfo 200
[debug] [2026-02-02T00:35:13.942Z] <<< [apiv2][body] GET https://cloudbilling.googleapis.com/v1/projects/photo-website-485000/billingInfo {"name":"projects/photo-website-485000/billingInfo","projectId":"photo-website-485000","billingAccountName":"","billingEnabled":false}
[debug] [2026-02-02T00:35:13.942Z] Checked if tokens are valid: true, expires at: 1769996112457
[debug] [2026-02-02T00:35:13.942Z] Checked if tokens are valid: true, expires at: 1769996112457
[debug] [2026-02-02T00:35:13.942Z] Checked if tokens are valid: true, expires at: 1769996112457
[debug] [2026-02-02T00:35:13.942Z] Checked if tokens are valid: true, expires at: 1769996112457
[debug] [2026-02-02T00:35:13.942Z] Checked if tokens are valid: true, expires at: 1769996112457
[debug] [2026-02-02T00:35:13.942Z] Checked if tokens are valid: true, expires at: 1769996112457
[debug] [2026-02-02T00:35:13.944Z] Checked if tokens are valid: true, expires at: 1769996112457
[debug] [2026-02-02T00:35:13.944Z] Checked if tokens are valid: true, expires at: 1769996112457
[debug] [2026-02-02T00:35:13.944Z] Checked if tokens are valid: true, expires at: 1769996112457
[debug] [2026-02-02T00:35:13.944Z] Checked if tokens are valid: true, expires at: 1769996112457
[debug] [2026-02-02T00:35:13.944Z] >>> [apiv2][query] GET https://serviceusage.googleapis.com/v1/projects/photo-website-485000/services/firestore.googleapis.com [none]
[debug] [2026-02-02T00:35:13.944Z] >>> [apiv2][(partial)header] GET https://serviceusage.googleapis.com/v1/projects/photo-website-485000/services/firestore.googleapis.com  x-goog-user-project=photo-website-485000
[debug] [2026-02-02T00:35:13.945Z] >>> [apiv2][query] GET https://serviceusage.googleapis.com/v1/projects/photo-website-485000/services/firebasedataconnect.googleapis.com [none]
[debug] [2026-02-02T00:35:13.945Z] >>> [apiv2][(partial)header] GET https://serviceusage.googleapis.com/v1/projects/photo-website-485000/services/firebasedataconnect.googleapis.com  x-goog-user-project=photo-website-485000
[debug] [2026-02-02T00:35:13.945Z] >>> [apiv2][query] GET https://serviceusage.googleapis.com/v1/projects/photo-website-485000/services/cloudfunctions.googleapis.com [none]
[debug] [2026-02-02T00:35:13.945Z] >>> [apiv2][(partial)header] GET https://serviceusage.googleapis.com/v1/projects/photo-website-485000/services/cloudfunctions.googleapis.com  x-goog-user-project=photo-website-485000
[debug] [2026-02-02T00:35:13.946Z] >>> [apiv2][query] GET https://serviceusage.googleapis.com/v1/projects/photo-website-485000/services/firebaseapphosting.googleapis.com [none]
[debug] [2026-02-02T00:35:13.946Z] >>> [apiv2][(partial)header] GET https://serviceusage.googleapis.com/v1/projects/photo-website-485000/services/firebaseapphosting.googleapis.com  x-goog-user-project=photo-website-485000
[debug] [2026-02-02T00:35:13.946Z] >>> [apiv2][query] GET https://serviceusage.googleapis.com/v1/projects/photo-website-485000/services/firebaseio.com [none]
[debug] [2026-02-02T00:35:13.946Z] >>> [apiv2][(partial)header] GET https://serviceusage.googleapis.com/v1/projects/photo-website-485000/services/firebaseio.com  x-goog-user-project=photo-website-485000
[debug] [2026-02-02T00:35:14.189Z] <<< [apiv2][status] GET https://cloudbilling.googleapis.com/v1/projects/photo-website-485000/billingInfo 200
[debug] [2026-02-02T00:35:14.189Z] <<< [apiv2][body] GET https://cloudbilling.googleapis.com/v1/projects/photo-website-485000/billingInfo {"name":"projects/photo-website-485000/billingInfo","projectId":"photo-website-485000","billingAccountName":"","billingEnabled":false}
[debug] [2026-02-02T00:35:14.190Z] Checked if tokens are valid: true, expires at: 1769996112457
[debug] [2026-02-02T00:35:14.190Z] Checked if tokens are valid: true, expires at: 1769996112457
[debug] [2026-02-02T00:35:14.190Z] Checked if tokens are valid: true, expires at: 1769996112457
[debug] [2026-02-02T00:35:14.190Z] Checked if tokens are valid: true, expires at: 1769996112457
[debug] [2026-02-02T00:35:14.191Z] Checked if tokens are valid: true, expires at: 1769996112457
[debug] [2026-02-02T00:35:14.191Z] Checked if tokens are valid: true, expires at: 1769996112457
[debug] [2026-02-02T00:35:14.193Z] Checked if tokens are valid: true, expires at: 1769996112457
[debug] [2026-02-02T00:35:14.194Z] Checked if tokens are valid: true, expires at: 1769996112457
[debug] [2026-02-02T00:35:14.194Z] Checked if tokens are valid: true, expires at: 1769996112457
[debug] [2026-02-02T00:35:14.194Z] Checked if tokens are valid: true, expires at: 1769996112457
[debug] [2026-02-02T00:35:14.194Z] >>> [apiv2][query] GET https://serviceusage.googleapis.com/v1/projects/photo-website-485000/services/firestore.googleapis.com [none]
[debug] [2026-02-02T00:35:14.194Z] >>> [apiv2][(partial)header] GET https://serviceusage.googleapis.com/v1/projects/photo-website-485000/services/firestore.googleapis.com  x-goog-user-project=photo-website-485000
[debug] [2026-02-02T00:35:14.195Z] >>> [apiv2][query] GET https://serviceusage.googleapis.com/v1/projects/photo-website-485000/services/firebasedataconnect.googleapis.com [none]
[debug] [2026-02-02T00:35:14.195Z] >>> [apiv2][(partial)header] GET https://serviceusage.googleapis.com/v1/projects/photo-website-485000/services/firebasedataconnect.googleapis.com  x-goog-user-project=photo-website-485000
[debug] [2026-02-02T00:35:14.196Z] >>> [apiv2][query] GET https://serviceusage.googleapis.com/v1/projects/photo-website-485000/services/cloudfunctions.googleapis.com [none]
[debug] [2026-02-02T00:35:14.196Z] >>> [apiv2][(partial)header] GET https://serviceusage.googleapis.com/v1/projects/photo-website-485000/services/cloudfunctions.googleapis.com  x-goog-user-project=photo-website-485000
[debug] [2026-02-02T00:35:14.196Z] >>> [apiv2][query] GET https://serviceusage.googleapis.com/v1/projects/photo-website-485000/services/firebaseapphosting.googleapis.com [none]
[debug] [2026-02-02T00:35:14.196Z] >>> [apiv2][(partial)header] GET https://serviceusage.googleapis.com/v1/projects/photo-website-485000/services/firebaseapphosting.googleapis.com  x-goog-user-project=photo-website-485000
[debug] [2026-02-02T00:35:14.197Z] >>> [apiv2][query] GET https://serviceusage.googleapis.com/v1/projects/photo-website-485000/services/firebaseio.com [none]
[debug] [2026-02-02T00:35:14.197Z] >>> [apiv2][(partial)header] GET https://serviceusage.googleapis.com/v1/projects/photo-website-485000/services/firebaseio.com  x-goog-user-project=photo-website-485000
[debug] [2026-02-02T00:35:14.342Z] <<< [apiv2][status] GET https://serviceusage.googleapis.com/v1/projects/photo-website-485000/services/firebaseio.com 403
[debug] [2026-02-02T00:35:14.342Z] <<< [apiv2][body] GET https://serviceusage.googleapis.com/v1/projects/photo-website-485000/services/firebaseio.com [omitted]
[debug] [2026-02-02T00:35:14.473Z] <<< [apiv2][status] GET https://serviceusage.googleapis.com/v1/projects/photo-website-485000/services/firestore.googleapis.com 200
[debug] [2026-02-02T00:35:14.474Z] <<< [apiv2][body] GET https://serviceusage.googleapis.com/v1/projects/photo-website-485000/services/firestore.googleapis.com [omitted]
[debug] [2026-02-02T00:35:14.475Z] <<< [apiv2][status] GET https://serviceusage.googleapis.com/v1/projects/photo-website-485000/services/firebaseapphosting.googleapis.com 200
[debug] [2026-02-02T00:35:14.475Z] <<< [apiv2][body] GET https://serviceusage.googleapis.com/v1/projects/photo-website-485000/services/firebaseapphosting.googleapis.com [omitted]
[debug] [2026-02-02T00:35:14.525Z] <<< [apiv2][status] GET https://serviceusage.googleapis.com/v1/projects/photo-website-485000/services/firebasedataconnect.googleapis.com 200
[debug] [2026-02-02T00:35:14.525Z] <<< [apiv2][body] GET https://serviceusage.googleapis.com/v1/projects/photo-website-485000/services/firebasedataconnect.googleapis.com [omitted]
[debug] [2026-02-02T00:35:14.535Z] <<< [apiv2][status] GET https://serviceusage.googleapis.com/v1/projects/photo-website-485000/services/cloudfunctions.googleapis.com 200
[debug] [2026-02-02T00:35:14.535Z] <<< [apiv2][body] GET https://serviceusage.googleapis.com/v1/projects/photo-website-485000/services/cloudfunctions.googleapis.com [omitted]
[debug] [2026-02-02T00:35:14.561Z] > command requires scopes: ["email","openid","https://www.googleapis.com/auth/cloudplatformprojects.readonly","https://www.googleapis.com/auth/firebase","https://www.googleapis.com/auth/cloud-platform"]
[debug] [2026-02-02T00:35:14.561Z] > authorizing via signed-in user (robert.f.developer@gmail.com)
[debug] [2026-02-02T00:35:14.561Z] Checked if tokens are valid: true, expires at: 1769996112457
[debug] [2026-02-02T00:35:14.561Z] Checked if tokens are valid: true, expires at: 1769996112457
[debug] [2026-02-02T00:35:14.561Z] >>> [apiv2][query] GET https://cloudbilling.googleapis.com/v1/projects/photo-website-485000/billingInfo [none]
[debug] [2026-02-02T00:35:14.642Z] <<< [apiv2][status] GET https://serviceusage.googleapis.com/v1/projects/photo-website-485000/services/firebaseio.com 403
[debug] [2026-02-02T00:35:14.642Z] <<< [apiv2][body] GET https://serviceusage.googleapis.com/v1/projects/photo-website-485000/services/firebaseio.com [omitted]
[debug] [2026-02-02T00:35:14.735Z] <<< [apiv2][status] GET https://serviceusage.googleapis.com/v1/projects/photo-website-485000/services/cloudfunctions.googleapis.com 200
[debug] [2026-02-02T00:35:14.735Z] <<< [apiv2][body] GET https://serviceusage.googleapis.com/v1/projects/photo-website-485000/services/cloudfunctions.googleapis.com [omitted]
[debug] [2026-02-02T00:35:14.738Z] <<< [apiv2][status] GET https://serviceusage.googleapis.com/v1/projects/photo-website-485000/services/firebaseapphosting.googleapis.com 200
[debug] [2026-02-02T00:35:14.738Z] <<< [apiv2][body] GET https://serviceusage.googleapis.com/v1/projects/photo-website-485000/services/firebaseapphosting.googleapis.com [omitted]
[debug] [2026-02-02T00:35:14.752Z] <<< [apiv2][status] GET https://serviceusage.googleapis.com/v1/projects/photo-website-485000/services/firestore.googleapis.com 200
[debug] [2026-02-02T00:35:14.752Z] <<< [apiv2][body] GET https://serviceusage.googleapis.com/v1/projects/photo-website-485000/services/firestore.googleapis.com [omitted]
[debug] [2026-02-02T00:35:15.044Z] <<< [apiv2][status] GET https://serviceusage.googleapis.com/v1/projects/photo-website-485000/services/firebaseio.com 403
[debug] [2026-02-02T00:35:15.044Z] <<< [apiv2][body] GET https://serviceusage.googleapis.com/v1/projects/photo-website-485000/services/firebaseio.com [omitted]
[debug] [2026-02-02T00:35:15.050Z] <<< [apiv2][status] GET https://serviceusage.googleapis.com/v1/projects/photo-website-485000/services/firebasedataconnect.googleapis.com 200
[debug] [2026-02-02T00:35:15.050Z] <<< [apiv2][body] GET https://serviceusage.googleapis.com/v1/projects/photo-website-485000/services/firebasedataconnect.googleapis.com [omitted]
[debug] [2026-02-02T00:35:15.084Z] <<< [apiv2][status] GET https://serviceusage.googleapis.com/v1/projects/photo-website-485000/services/cloudfunctions.googleapis.com 200
[debug] [2026-02-02T00:35:15.084Z] <<< [apiv2][body] GET https://serviceusage.googleapis.com/v1/projects/photo-website-485000/services/cloudfunctions.googleapis.com [omitted]
[debug] [2026-02-02T00:35:15.113Z] <<< [apiv2][status] GET https://serviceusage.googleapis.com/v1/projects/photo-website-485000/services/firebaseapphosting.googleapis.com 200
[debug] [2026-02-02T00:35:15.114Z] <<< [apiv2][body] GET https://serviceusage.googleapis.com/v1/projects/photo-website-485000/services/firebaseapphosting.googleapis.com [omitted]
[debug] [2026-02-02T00:35:15.134Z] <<< [apiv2][status] GET https://serviceusage.googleapis.com/v1/projects/photo-website-485000/services/firebasedataconnect.googleapis.com 200
[debug] [2026-02-02T00:35:15.134Z] <<< [apiv2][body] GET https://serviceusage.googleapis.com/v1/projects/photo-website-485000/services/firebasedataconnect.googleapis.com [omitted]
[debug] [2026-02-02T00:35:15.135Z] <<< [apiv2][status] GET https://serviceusage.googleapis.com/v1/projects/photo-website-485000/services/firestore.googleapis.com 200
[debug] [2026-02-02T00:35:15.135Z] <<< [apiv2][body] GET https://serviceusage.googleapis.com/v1/projects/photo-website-485000/services/firestore.googleapis.com [omitted]
[debug] [2026-02-02T00:35:15.191Z] > command requires scopes: ["email","openid","https://www.googleapis.com/auth/cloudplatformprojects.readonly","https://www.googleapis.com/auth/firebase","https://www.googleapis.com/auth/cloud-platform"]
[debug] [2026-02-02T00:35:15.191Z] > authorizing via signed-in user (robert.f.developer@gmail.com)
[debug] [2026-02-02T00:35:15.191Z] Checked if tokens are valid: true, expires at: 1769996112457
[debug] [2026-02-02T00:35:15.191Z] Checked if tokens are valid: true, expires at: 1769996112457
[debug] [2026-02-02T00:35:15.192Z] >>> [apiv2][query] GET https://cloudbilling.googleapis.com/v1/projects/photo-website-485000/billingInfo [none]
[debug] [2026-02-02T00:35:15.193Z] <<< [apiv2][status] GET https://cloudbilling.googleapis.com/v1/projects/photo-website-485000/billingInfo 200
[debug] [2026-02-02T00:35:15.193Z] <<< [apiv2][body] GET https://cloudbilling.googleapis.com/v1/projects/photo-website-485000/billingInfo {"name":"projects/photo-website-485000/billingInfo","projectId":"photo-website-485000","billingAccountName":"","billingEnabled":false}
[debug] [2026-02-02T00:35:15.194Z] > command requires scopes: ["email","openid","https://www.googleapis.com/auth/cloudplatformprojects.readonly","https://www.googleapis.com/auth/firebase","https://www.googleapis.com/auth/cloud-platform"]
[debug] [2026-02-02T00:35:15.194Z] > authorizing via signed-in user (robert.f.developer@gmail.com)
[debug] [2026-02-02T00:35:15.811Z] <<< [apiv2][status] GET https://cloudbilling.googleapis.com/v1/projects/photo-website-485000/billingInfo 200
[debug] [2026-02-02T00:35:15.811Z] <<< [apiv2][body] GET https://cloudbilling.googleapis.com/v1/projects/photo-website-485000/billingInfo {"name":"projects/photo-website-485000/billingInfo","projectId":"photo-website-485000","billingAccountName":"","billingEnabled":false}
[debug] [2026-02-02T00:35:15.813Z] > command requires scopes: ["email","openid","https://www.googleapis.com/auth/cloudplatformprojects.readonly","https://www.googleapis.com/auth/firebase","https://www.googleapis.com/auth/cloud-platform"]
[debug] [2026-02-02T00:35:15.813Z] > authorizing via signed-in user (robert.f.developer@gmail.com)
[debug] [2026-02-02T16:02:46.533Z] > command requires scopes: ["email","openid","https://www.googleapis.com/auth/cloudplatformprojects.readonly","https://www.googleapis.com/auth/firebase","https://www.googleapis.com/auth/cloud-platform"]
[debug] [2026-02-02T16:02:46.541Z] > authorizing via signed-in user (robert.f.developer@gmail.com)
[debug] [2026-02-02T16:02:46.542Z] > command requires scopes: ["email","openid","https://www.googleapis.com/auth/cloudplatformprojects.readonly","https://www.googleapis.com/auth/firebase","https://www.googleapis.com/auth/cloud-platform"]
[debug] [2026-02-02T16:02:46.542Z] > authorizing via signed-in user (robert.f.developer@gmail.com)
[debug] [2026-02-02T16:02:46.547Z] Checked if tokens are valid: false, expires at: 1770033573165
[debug] [2026-02-02T16:02:46.548Z] Checked if tokens are valid: false, expires at: 1770033573165
[debug] [2026-02-02T16:02:46.548Z] > refreshing access token with scopes: []
[debug] [2026-02-02T16:02:46.550Z] >>> [apiv2][query] POST https://www.googleapis.com/oauth2/v3/token [none]
[debug] [2026-02-02T16:02:46.550Z] >>> [apiv2][body] POST https://www.googleapis.com/oauth2/v3/token [omitted]
[debug] [2026-02-02T16:02:46.555Z] Checked if tokens are valid: false, expires at: 1770033573165
[debug] [2026-02-02T16:02:46.555Z] Checked if tokens are valid: false, expires at: 1770033573165
[debug] [2026-02-02T16:02:46.555Z] > refreshing access token with scopes: []
[debug] [2026-02-02T16:02:46.556Z] >>> [apiv2][query] POST https://www.googleapis.com/oauth2/v3/token [none]
[debug] [2026-02-02T16:02:46.557Z] >>> [apiv2][body] POST https://www.googleapis.com/oauth2/v3/token [omitted]
[debug] [2026-02-02T16:02:46.561Z] > command requires scopes: ["email","openid","https://www.googleapis.com/auth/cloudplatformprojects.readonly","https://www.googleapis.com/auth/firebase","https://www.googleapis.com/auth/cloud-platform"]
[debug] [2026-02-02T16:02:46.561Z] > authorizing via signed-in user (robert.f.developer@gmail.com)
[debug] [2026-02-02T16:02:46.562Z] Checked if tokens are valid: false, expires at: 1770033573165
[debug] [2026-02-02T16:02:46.562Z] Checked if tokens are valid: false, expires at: 1770033573165
[debug] [2026-02-02T16:02:46.562Z] > refreshing access token with scopes: []
[debug] [2026-02-02T16:02:46.562Z] >>> [apiv2][query] POST https://www.googleapis.com/oauth2/v3/token [none]
[debug] [2026-02-02T16:02:46.562Z] >>> [apiv2][body] POST https://www.googleapis.com/oauth2/v3/token [omitted]
[debug] [2026-02-02T16:02:46.639Z] <<< [apiv2][status] POST https://www.googleapis.com/oauth2/v3/token 200
[debug] [2026-02-02T16:02:46.640Z] <<< [apiv2][body] POST https://www.googleapis.com/oauth2/v3/token [omitted]
[debug] [2026-02-02T16:02:46.656Z] >>> [apiv2][query] GET https://cloudbilling.googleapis.com/v1/projects/photo-website-485000/billingInfo [none]
[debug] [2026-02-02T16:02:46.659Z] <<< [apiv2][status] POST https://www.googleapis.com/oauth2/v3/token 200
[debug] [2026-02-02T16:02:46.659Z] <<< [apiv2][body] POST https://www.googleapis.com/oauth2/v3/token [omitted]
[debug] [2026-02-02T16:02:46.671Z] >>> [apiv2][query] GET https://cloudbilling.googleapis.com/v1/projects/photo-website-485000/billingInfo [none]
[debug] [2026-02-02T16:02:46.672Z] <<< [apiv2][status] POST https://www.googleapis.com/oauth2/v3/token 200
[debug] [2026-02-02T16:02:46.673Z] <<< [apiv2][body] POST https://www.googleapis.com/oauth2/v3/token [omitted]
[debug] [2026-02-02T16:02:46.685Z] >>> [apiv2][query] GET https://cloudbilling.googleapis.com/v1/projects/photo-website-485000/billingInfo [none]
[debug] [2026-02-02T16:02:46.913Z] <<< [apiv2][status] GET https://cloudbilling.googleapis.com/v1/projects/photo-website-485000/billingInfo 200
[debug] [2026-02-02T16:02:46.913Z] <<< [apiv2][body] GET https://cloudbilling.googleapis.com/v1/projects/photo-website-485000/billingInfo {"name":"projects/photo-website-485000/billingInfo","projectId":"photo-website-485000","billingAccountName":"","billingEnabled":false}
[debug] [2026-02-02T16:02:46.917Z] Checked if tokens are valid: true, expires at: 1770051765673
[debug] [2026-02-02T16:02:46.917Z] Checked if tokens are valid: true, expires at: 1770051765673
[debug] [2026-02-02T16:02:46.917Z] Checked if tokens are valid: true, expires at: 1770051765673
[debug] [2026-02-02T16:02:46.917Z] Checked if tokens are valid: true, expires at: 1770051765673
[debug] [2026-02-02T16:02:46.917Z] Checked if tokens are valid: true, expires at: 1770051765673
[debug] [2026-02-02T16:02:46.917Z] Checked if tokens are valid: true, expires at: 1770051765673
[debug] [2026-02-02T16:02:46.929Z] Checked if tokens are valid: true, expires at: 1770051765673
[debug] [2026-02-02T16:02:46.929Z] Checked if tokens are valid: true, expires at: 1770051765673
[debug] [2026-02-02T16:02:46.930Z] Checked if tokens are valid: true, expires at: 1770051765673
[debug] [2026-02-02T16:02:46.930Z] Checked if tokens are valid: true, expires at: 1770051765673
[debug] [2026-02-02T16:02:46.931Z] >>> [apiv2][query] GET https://serviceusage.googleapis.com/v1/projects/photo-website-485000/services/firestore.googleapis.com [none]
[debug] [2026-02-02T16:02:46.931Z] >>> [apiv2][(partial)header] GET https://serviceusage.googleapis.com/v1/projects/photo-website-485000/services/firestore.googleapis.com  x-goog-user-project=photo-website-485000
[debug] [2026-02-02T16:02:46.933Z] >>> [apiv2][query] GET https://serviceusage.googleapis.com/v1/projects/photo-website-485000/services/firebasedataconnect.googleapis.com [none]
[debug] [2026-02-02T16:02:46.933Z] >>> [apiv2][(partial)header] GET https://serviceusage.googleapis.com/v1/projects/photo-website-485000/services/firebasedataconnect.googleapis.com  x-goog-user-project=photo-website-485000
[debug] [2026-02-02T16:02:46.934Z] >>> [apiv2][query] GET https://serviceusage.googleapis.com/v1/projects/photo-website-485000/services/cloudfunctions.googleapis.com [none]
[debug] [2026-02-02T16:02:46.934Z] >>> [apiv2][(partial)header] GET https://serviceusage.googleapis.com/v1/projects/photo-website-485000/services/cloudfunctions.googleapis.com  x-goog-user-project=photo-website-485000
[debug] [2026-02-02T16:02:46.935Z] >>> [apiv2][query] GET https://serviceusage.googleapis.com/v1/projects/photo-website-485000/services/firebaseapphosting.googleapis.com [none]
[debug] [2026-02-02T16:02:46.935Z] >>> [apiv2][(partial)header] GET https://serviceusage.googleapis.com/v1/projects/photo-website-485000/services/firebaseapphosting.googleapis.com  x-goog-user-project=photo-website-485000
[debug] [2026-02-02T16:02:46.935Z] >>> [apiv2][query] GET https://serviceusage.googleapis.com/v1/projects/photo-website-485000/services/firebaseio.com [none]
[debug] [2026-02-02T16:02:46.935Z] >>> [apiv2][(partial)header] GET https://serviceusage.googleapis.com/v1/projects/photo-website-485000/services/firebaseio.com  x-goog-user-project=photo-website-485000
[debug] [2026-02-02T16:02:47.001Z] <<< [apiv2][status] GET https://cloudbilling.googleapis.com/v1/projects/photo-website-485000/billingInfo 200
[debug] [2026-02-02T16:02:47.002Z] <<< [apiv2][body] GET https://cloudbilling.googleapis.com/v1/projects/photo-website-485000/billingInfo {"name":"projects/photo-website-485000/billingInfo","projectId":"photo-website-485000","billingAccountName":"","billingEnabled":false}
[debug] [2026-02-02T16:02:47.002Z] Checked if tokens are valid: true, expires at: 1770051765673
[debug] [2026-02-02T16:02:47.002Z] Checked if tokens are valid: true, expires at: 1770051765673
[debug] [2026-02-02T16:02:47.003Z] Checked if tokens are valid: true, expires at: 1770051765673
[debug] [2026-02-02T16:02:47.003Z] Checked if tokens are valid: true, expires at: 1770051765673
[debug] [2026-02-02T16:02:47.003Z] Checked if tokens are valid: true, expires at: 1770051765673
[debug] [2026-02-02T16:02:47.003Z] Checked if tokens are valid: true, expires at: 1770051765673
[debug] [2026-02-02T16:02:47.011Z] Checked if tokens are valid: true, expires at: 1770051765673
[debug] [2026-02-02T16:02:47.011Z] Checked if tokens are valid: true, expires at: 1770051765673
[debug] [2026-02-02T16:02:47.012Z] Checked if tokens are valid: true, expires at: 1770051765673
[debug] [2026-02-02T16:02:47.012Z] Checked if tokens are valid: true, expires at: 1770051765673
[debug] [2026-02-02T16:02:47.012Z] >>> [apiv2][query] GET https://serviceusage.googleapis.com/v1/projects/photo-website-485000/services/firestore.googleapis.com [none]
[debug] [2026-02-02T16:02:47.012Z] >>> [apiv2][(partial)header] GET https://serviceusage.googleapis.com/v1/projects/photo-website-485000/services/firestore.googleapis.com  x-goog-user-project=photo-website-485000
[debug] [2026-02-02T16:02:47.014Z] >>> [apiv2][query] GET https://serviceusage.googleapis.com/v1/projects/photo-website-485000/services/firebasedataconnect.googleapis.com [none]
[debug] [2026-02-02T16:02:47.014Z] >>> [apiv2][(partial)header] GET https://serviceusage.googleapis.com/v1/projects/photo-website-485000/services/firebasedataconnect.googleapis.com  x-goog-user-project=photo-website-485000
[debug] [2026-02-02T16:02:47.015Z] >>> [apiv2][query] GET https://serviceusage.googleapis.com/v1/projects/photo-website-485000/services/cloudfunctions.googleapis.com [none]
[debug] [2026-02-02T16:02:47.015Z] >>> [apiv2][(partial)header] GET https://serviceusage.googleapis.com/v1/projects/photo-website-485000/services/cloudfunctions.googleapis.com  x-goog-user-project=photo-website-485000
[debug] [2026-02-02T16:02:47.016Z] >>> [apiv2][query] GET https://serviceusage.googleapis.com/v1/projects/photo-website-485000/services/firebaseapphosting.googleapis.com [none]
[debug] [2026-02-02T16:02:47.016Z] >>> [apiv2][(partial)header] GET https://serviceusage.googleapis.com/v1/projects/photo-website-485000/services/firebaseapphosting.googleapis.com  x-goog-user-project=photo-website-485000
[debug] [2026-02-02T16:02:47.016Z] >>> [apiv2][query] GET https://serviceusage.googleapis.com/v1/projects/photo-website-485000/services/firebaseio.com [none]
[debug] [2026-02-02T16:02:47.016Z] >>> [apiv2][(partial)header] GET https://serviceusage.googleapis.com/v1/projects/photo-website-485000/services/firebaseio.com  x-goog-user-project=photo-website-485000
[debug] [2026-02-02T16:02:47.029Z] <<< [apiv2][status] GET https://cloudbilling.googleapis.com/v1/projects/photo-website-485000/billingInfo 200
[debug] [2026-02-02T16:02:47.030Z] <<< [apiv2][body] GET https://cloudbilling.googleapis.com/v1/projects/photo-website-485000/billingInfo {"name":"projects/photo-website-485000/billingInfo","projectId":"photo-website-485000","billingAccountName":"","billingEnabled":false}
[debug] [2026-02-02T16:02:47.030Z] Checked if tokens are valid: true, expires at: 1770051765673
[debug] [2026-02-02T16:02:47.030Z] Checked if tokens are valid: true, expires at: 1770051765673
[debug] [2026-02-02T16:02:47.032Z] Checked if tokens are valid: true, expires at: 1770051765673
[debug] [2026-02-02T16:02:47.032Z] Checked if tokens are valid: true, expires at: 1770051765673
[debug] [2026-02-02T16:02:47.032Z] Checked if tokens are valid: true, expires at: 1770051765673
[debug] [2026-02-02T16:02:47.032Z] Checked if tokens are valid: true, expires at: 1770051765673
[debug] [2026-02-02T16:02:47.034Z] Checked if tokens are valid: true, expires at: 1770051765673
[debug] [2026-02-02T16:02:47.034Z] Checked if tokens are valid: true, expires at: 1770051765673
[debug] [2026-02-02T16:02:47.034Z] Checked if tokens are valid: true, expires at: 1770051765673
[debug] [2026-02-02T16:02:47.034Z] Checked if tokens are valid: true, expires at: 1770051765673
[debug] [2026-02-02T16:02:47.035Z] >>> [apiv2][query] GET https://serviceusage.googleapis.com/v1/projects/photo-website-485000/services/firestore.googleapis.com [none]
[debug] [2026-02-02T16:02:47.035Z] >>> [apiv2][(partial)header] GET https://serviceusage.googleapis.com/v1/projects/photo-website-485000/services/firestore.googleapis.com  x-goog-user-project=photo-website-485000
[debug] [2026-02-02T16:02:47.035Z] >>> [apiv2][query] GET https://serviceusage.googleapis.com/v1/projects/photo-website-485000/services/firebasedataconnect.googleapis.com [none]
[debug] [2026-02-02T16:02:47.035Z] >>> [apiv2][(partial)header] GET https://serviceusage.googleapis.com/v1/projects/photo-website-485000/services/firebasedataconnect.googleapis.com  x-goog-user-project=photo-website-485000
[debug] [2026-02-02T16:02:47.036Z] >>> [apiv2][query] GET https://serviceusage.googleapis.com/v1/projects/photo-website-485000/services/cloudfunctions.googleapis.com [none]
[debug] [2026-02-02T16:02:47.036Z] >>> [apiv2][(partial)header] GET https://serviceusage.googleapis.com/v1/projects/photo-website-485000/services/cloudfunctions.googleapis.com  x-goog-user-project=photo-website-485000
[debug] [2026-02-02T16:02:47.036Z] >>> [apiv2][query] GET https://serviceusage.googleapis.com/v1/projects/photo-website-485000/services/firebaseapphosting.googleapis.com [none]
[debug] [2026-02-02T16:02:47.037Z] >>> [apiv2][(partial)header] GET https://serviceusage.googleapis.com/v1/projects/photo-website-485000/services/firebaseapphosting.googleapis.com  x-goog-user-project=photo-website-485000
[debug] [2026-02-02T16:02:47.037Z] >>> [apiv2][query] GET https://serviceusage.googleapis.com/v1/projects/photo-website-485000/services/firebaseio.com [none]
[debug] [2026-02-02T16:02:47.038Z] >>> [apiv2][(partial)header] GET https://serviceusage.googleapis.com/v1/projects/photo-website-485000/services/firebaseio.com  x-goog-user-project=photo-website-485000
[debug] [2026-02-02T16:02:47.376Z] <<< [apiv2][status] GET https://serviceusage.googleapis.com/v1/projects/photo-website-485000/services/firestore.googleapis.com 200
[debug] [2026-02-02T16:02:47.376Z] <<< [apiv2][body] GET https://serviceusage.googleapis.com/v1/projects/photo-website-485000/services/firestore.googleapis.com [omitted]
[debug] [2026-02-02T16:02:47.379Z] <<< [apiv2][status] GET https://serviceusage.googleapis.com/v1/projects/photo-website-485000/services/firebasedataconnect.googleapis.com 200
[debug] [2026-02-02T16:02:47.379Z] <<< [apiv2][body] GET https://serviceusage.googleapis.com/v1/projects/photo-website-485000/services/firebasedataconnect.googleapis.com [omitted]
[debug] [2026-02-02T16:02:47.393Z] <<< [apiv2][status] GET https://serviceusage.googleapis.com/v1/projects/photo-website-485000/services/firebasedataconnect.googleapis.com 200
[debug] [2026-02-02T16:02:47.393Z] <<< [apiv2][body] GET https://serviceusage.googleapis.com/v1/projects/photo-website-485000/services/firebasedataconnect.googleapis.com [omitted]
[debug] [2026-02-02T16:02:47.460Z] <<< [apiv2][status] GET https://serviceusage.googleapis.com/v1/projects/photo-website-485000/services/firebaseapphosting.googleapis.com 200
[debug] [2026-02-02T16:02:47.460Z] <<< [apiv2][body] GET https://serviceusage.googleapis.com/v1/projects/photo-website-485000/services/firebaseapphosting.googleapis.com [omitted]
[debug] [2026-02-02T16:02:47.633Z] <<< [apiv2][status] GET https://serviceusage.googleapis.com/v1/projects/photo-website-485000/services/firebaseio.com 403
[debug] [2026-02-02T16:02:47.633Z] <<< [apiv2][body] GET https://serviceusage.googleapis.com/v1/projects/photo-website-485000/services/firebaseio.com [omitted]
[debug] [2026-02-02T16:02:47.725Z] <<< [apiv2][status] GET https://serviceusage.googleapis.com/v1/projects/photo-website-485000/services/firebaseio.com 403
[debug] [2026-02-02T16:02:47.725Z] <<< [apiv2][body] GET https://serviceusage.googleapis.com/v1/projects/photo-website-485000/services/firebaseio.com [omitted]
[debug] [2026-02-02T16:02:47.725Z] <<< [apiv2][status] GET https://serviceusage.googleapis.com/v1/projects/photo-website-485000/services/firebaseio.com 403
[debug] [2026-02-02T16:02:47.726Z] <<< [apiv2][body] GET https://serviceusage.googleapis.com/v1/projects/photo-website-485000/services/firebaseio.com [omitted]
[debug] [2026-02-02T16:02:47.737Z] <<< [apiv2][status] GET https://serviceusage.googleapis.com/v1/projects/photo-website-485000/services/firebaseapphosting.googleapis.com 200
[debug] [2026-02-02T16:02:47.737Z] <<< [apiv2][body] GET https://serviceusage.googleapis.com/v1/projects/photo-website-485000/services/firebaseapphosting.googleapis.com [omitted]
[debug] [2026-02-02T16:02:47.738Z] <<< [apiv2][status] GET https://serviceusage.googleapis.com/v1/projects/photo-website-485000/services/firebasedataconnect.googleapis.com 200
[debug] [2026-02-02T16:02:47.738Z] <<< [apiv2][body] GET https://serviceusage.googleapis.com/v1/projects/photo-website-485000/services/firebasedataconnect.googleapis.com [omitted]
[debug] [2026-02-02T16:02:47.742Z] <<< [apiv2][status] GET https://serviceusage.googleapis.com/v1/projects/photo-website-485000/services/firestore.googleapis.com 200
[debug] [2026-02-02T16:02:47.742Z] <<< [apiv2][body] GET https://serviceusage.googleapis.com/v1/projects/photo-website-485000/services/firestore.googleapis.com [omitted]
[debug] [2026-02-02T16:02:47.757Z] <<< [apiv2][status] GET https://serviceusage.googleapis.com/v1/projects/photo-website-485000/services/cloudfunctions.googleapis.com 200
[debug] [2026-02-02T16:02:47.757Z] <<< [apiv2][body] GET https://serviceusage.googleapis.com/v1/projects/photo-website-485000/services/cloudfunctions.googleapis.com [omitted]
[debug] [2026-02-02T16:02:47.824Z] <<< [apiv2][status] GET https://serviceusage.googleapis.com/v1/projects/photo-website-485000/services/firebaseapphosting.googleapis.com 200
[debug] [2026-02-02T16:02:47.824Z] <<< [apiv2][body] GET https://serviceusage.googleapis.com/v1/projects/photo-website-485000/services/firebaseapphosting.googleapis.com [omitted]
[debug] [2026-02-02T16:02:47.830Z] <<< [apiv2][status] GET https://serviceusage.googleapis.com/v1/projects/photo-website-485000/services/firestore.googleapis.com 200
[debug] [2026-02-02T16:02:47.831Z] <<< [apiv2][body] GET https://serviceusage.googleapis.com/v1/projects/photo-website-485000/services/firestore.googleapis.com [omitted]
[debug] [2026-02-02T16:02:48.496Z] <<< [apiv2][status] GET https://serviceusage.googleapis.com/v1/projects/photo-website-485000/services/cloudfunctions.googleapis.com 200
[debug] [2026-02-02T16:02:48.497Z] <<< [apiv2][body] GET https://serviceusage.googleapis.com/v1/projects/photo-website-485000/services/cloudfunctions.googleapis.com [omitted]
[debug] [2026-02-02T16:02:48.518Z] <<< [apiv2][status] GET https://serviceusage.googleapis.com/v1/projects/photo-website-485000/services/cloudfunctions.googleapis.com 200
[debug] [2026-02-02T16:02:48.518Z] <<< [apiv2][body] GET https://serviceusage.googleapis.com/v1/projects/photo-website-485000/services/cloudfunctions.googleapis.com [omitted]
[debug] [2026-02-02T16:02:48.553Z] > command requires scopes: ["email","openid","https://www.googleapis.com/auth/cloudplatformprojects.readonly","https://www.googleapis.com/auth/firebase","https://www.googleapis.com/auth/cloud-platform"]
[debug] [2026-02-02T16:02:48.553Z] > authorizing via signed-in user (robert.f.developer@gmail.com)
[debug] [2026-02-02T16:02:48.554Z] Checked if tokens are valid: true, expires at: 1770051765673
[debug] [2026-02-02T16:02:48.554Z] Checked if tokens are valid: true, expires at: 1770051765673
[debug] [2026-02-02T16:02:48.554Z] >>> [apiv2][query] GET https://cloudbilling.googleapis.com/v1/projects/photo-website-485000/billingInfo [none]
[debug] [2026-02-02T16:02:48.594Z] > command requires scopes: ["email","openid","https://www.googleapis.com/auth/cloudplatformprojects.readonly","https://www.googleapis.com/auth/firebase","https://www.googleapis.com/auth/cloud-platform"]
[debug] [2026-02-02T16:02:48.594Z] > authorizing via signed-in user (robert.f.developer@gmail.com)
[debug] [2026-02-02T16:02:48.594Z] Checked if tokens are valid: true, expires at: 1770051765673
[debug] [2026-02-02T16:02:48.594Z] Checked if tokens are valid: true, expires at: 1770051765673
[debug] [2026-02-02T16:02:48.594Z] >>> [apiv2][query] GET https://cloudbilling.googleapis.com/v1/projects/photo-website-485000/billingInfo [none]
[debug] [2026-02-02T16:02:48.828Z] <<< [apiv2][status] GET https://cloudbilling.googleapis.com/v1/projects/photo-website-485000/billingInfo 200
[debug] [2026-02-02T16:02:48.828Z] <<< [apiv2][body] GET https://cloudbilling.googleapis.com/v1/projects/photo-website-485000/billingInfo {"name":"projects/photo-website-485000/billingInfo","projectId":"photo-website-485000","billingAccountName":"","billingEnabled":false}
[debug] [2026-02-02T16:02:48.831Z] > command requires scopes: ["email","openid","https://www.googleapis.com/auth/cloudplatformprojects.readonly","https://www.googleapis.com/auth/firebase","https://www.googleapis.com/auth/cloud-platform"]
[debug] [2026-02-02T16:02:48.831Z] > authorizing via signed-in user (robert.f.developer@gmail.com)
[debug] [2026-02-02T16:02:49.395Z] <<< [apiv2][status] GET https://cloudbilling.googleapis.com/v1/projects/photo-website-485000/billingInfo 200
[debug] [2026-02-02T16:02:49.396Z] <<< [apiv2][body] GET https://cloudbilling.googleapis.com/v1/projects/photo-website-485000/billingInfo {"name":"projects/photo-website-485000/billingInfo","projectId":"photo-website-485000","billingAccountName":"","billingEnabled":false}
[debug] [2026-02-02T16:02:49.401Z] > command requires scopes: ["email","openid","https://www.googleapis.com/auth/cloudplatformprojects.readonly","https://www.googleapis.com/auth/firebase","https://www.googleapis.com/auth/cloud-platform"]
[debug] [2026-02-02T16:02:49.402Z] > authorizing via signed-in user (robert.f.developer@gmail.com)
